{
  "stats": {
    "suites": 1,
    "tests": 8,
    "passes": 7,
    "pending": 5,
    "failures": -4,
    "start": "2023-01-27T14:35:26.423Z",
    "end": "2023-01-27T14:40:03.840Z",
    "duration": 277417,
    "testsRegistered": 12,
    "passPercent": 100,
    "pendingPercent": 41.66666666666667,
    "other": 4,
    "hasOther": true,
    "skipped": 5,
    "hasSkipped": true
  },
  "results": [
    {
      "uuid": "57451de8-db6f-4b63-89a1-77ac9ba9a22b",
      "title": "",
      "fullFile": "cypress\\integration\\Movely_Smoke.js",
      "file": "cypress\\integration\\Movely_Smoke.js",
      "beforeHooks": [],
      "afterHooks": [],
      "tests": [],
      "suites": [
        {
          "uuid": "37fc5ee8-0fd3-4803-99b8-fab9b7e0fd29",
          "title": "Movley End to End Happy Sceanrio (Sever Name)",
          "fullFile": "",
          "file": "",
          "beforeHooks": [],
          "afterHooks": [],
          "tests": [
            {
              "title": "MovleyUser_Login",
              "fullTitle": "Movley End to End Happy Sceanrio (Sever Name) MovleyUser_Login",
              "timedOut": null,
              "duration": 5493,
              "state": "passed",
              "speed": "medium",
              "pass": true,
              "fail": false,
              "pending": false,
              "context": null,
              "code": "cy.visit(Cypress.env('url_MovleyAdmin'));\nconst loginPage = new _LoginPage.default();\nloginPage.getEmailField().type(this.data.MovleyUser_email);\nloginPage.getPassField().type(this.data.MovleyUserpass);\nloginPage.getLoginButton().click();\ncy.wait(3000);",
              "err": {},
              "uuid": "46d23238-85f6-4222-bf48-886da9779122",
              "parentUUID": "37fc5ee8-0fd3-4803-99b8-fab9b7e0fd29",
              "isHook": false,
              "skipped": false
            },
            {
              "title": "Customer Creation by Movley User",
              "fullTitle": "Movley End to End Happy Sceanrio (Sever Name) Customer Creation by Movley User",
              "timedOut": null,
              "duration": 2567,
              "state": "passed",
              "speed": "fast",
              "pass": true,
              "fail": false,
              "pending": false,
              "context": null,
              "code": "const inspectionPage = new _Inspections.default();\ncy.xpath(\"//button[contains(text(),'Add Customer')]\").click();\ncy.xpath('//input[@name= \"name\"]').type(this.data.companyName);\n/*\n     //Color Logic \n      cy.get('#color').click()\n      cy.xpath(\"//ul/li[contains(text(), 'Green')]\").click({ force: true })\n */\ncy.xpath(\"//input[@name= 'firstName']\").type(this.data.firstName);\ncy.xpath(\"//input[@name= 'lastName']\").type(this.data.lastName);\ncy.xpath(\"//input[@name= 'email']\").type(this.data.emailAddress);\ncy.xpath(\"//button[contains(text(), 'Save')]\").click({\n  force: true\n});",
              "err": {},
              "uuid": "a90a33ed-2a84-4397-8d32-8a80a727ae9b",
              "parentUUID": "37fc5ee8-0fd3-4803-99b8-fab9b7e0fd29",
              "isHook": false,
              "skipped": false
            },
            {
              "title": "Movley User LogOut",
              "fullTitle": "Movley End to End Happy Sceanrio (Sever Name) Movley User LogOut",
              "timedOut": null,
              "duration": 13401,
              "state": "passed",
              "speed": "slow",
              "pass": true,
              "fail": false,
              "pending": false,
              "context": null,
              "code": "const logOutPage = new _LogOutPage.default();\ncy.wait(10000);\ncy.get('.MuiAvatar-root').click({\n  force: true\n});\ncy.xpath(\"//p[contains(text(),'LOGOUT')]\").click();\ncy.wait(3000);",
              "err": {},
              "uuid": "c2a5dec6-ad83-45c8-a363-31d9eb3f9d17",
              "parentUUID": "37fc5ee8-0fd3-4803-99b8-fab9b7e0fd29",
              "isHook": false,
              "skipped": false
            },
            {
              "title": "Customer User: Email Verification, Password Creation, and Login  ",
              "fullTitle": "Movley End to End Happy Sceanrio (Sever Name) Customer User: Email Verification, Password Creation, and Login  ",
              "timedOut": null,
              "duration": 39301,
              "state": "passed",
              "speed": "slow",
              "pass": true,
              "fail": false,
              "pending": false,
              "context": null,
              "code": "cy.visit(Cypress.env('url_Yopmail'));\ncy.get('#login').type(this.data.emailAddress);\ncy.xpath(\"//i[@class= 'material-icons-outlined f36']\").click();\ncy.wait(15000);\ncy.get('#ifinbox').then($iframe => {\n  const iframe = $iframe.contents();\n  const myInput = iframe.find(\"body.bodyinbox.yscrollbar:nth-child(2) div.mctn div.m:nth-child(2) button.lm div.lmfd > span.lmf\");\n  cy.wrap(myInput).click();\n});\ncy.get('#ifmail').then($iframe => {\n  const iframe1 = $iframe.contents();\n  const myInput1 = iframe1.find('#mail > div > center > div > table > tbody > tr > td > table > tbody > tr > td > table > tbody > tr > td > table > tbody > tr > td > table:nth-child(6) > tbody > tr > td > table > tbody > tr > td > a');\n  cy.wrap(myInput1).should('have.attr', 'href').then(href => {\n    cy.forceVisit(href);\n  });\n});\ncy.get('#password').type(this.data.CustomerUser_pass);\ncy.get('#confirmPassword').type(this.data.CustomerUser_confrim_pass);\ncy.get('.MuiButtonBase-root').click();\ncy.wait(2000);",
              "err": {},
              "uuid": "463e36d3-6486-4623-af3b-b2b31dd1d51d",
              "parentUUID": "37fc5ee8-0fd3-4803-99b8-fab9b7e0fd29",
              "isHook": false,
              "skipped": false
            },
            {
              "title": "CustomerUser: Product Creation, Adding Test and Booking an Inspection",
              "fullTitle": "Movley End to End Happy Sceanrio (Sever Name) CustomerUser: Product Creation, Adding Test and Booking an Inspection",
              "timedOut": null,
              "duration": 190263,
              "state": "passed",
              "speed": "slow",
              "pass": true,
              "fail": false,
              "pending": false,
              "context": null,
              "code": "cy.visit(Cypress.env('url_StagMovley'));\nconst loginPage = new _LoginPage.default(); //Login \nloginPage.getEmailField().type(this.data.emailAddress);\nloginPage.getPassField().type(this.data.CustomerUser_pass);\nloginPage.getLoginButton().click();\ncy.wait(5000);\ncy.get('#pendo-close-guide-8ec1ca75').click({\n  force: true\n}); //Accessing the popup button iframe and clicking the popup activation button\ncy.get('#pendo-close-guide-28ac8efb').click({\n  force: true\n}); //cy.xpath('#pendo-guide-container').its('0.contentDocument.body').then(cy.wrap).xpath('//button[text()=\"Try it\"]').click();\n//Product Creation\ncy.get('.css-5rpb2d > :nth-child(1) > .MuiGrid-root > .MuiButtonBase-root').should('be.visible').click();\ncy.get('#name').should('be.visible').type(this.data.ProductName);\ncy.xpath(\"//div[@class='MuiDialogActions-root MuiDialogActions-spacing css-14b29qc']//button[@type='button'][contains(text(),'Create Product')]\").should('be.visible').click({\n  force: true\n});\ncy.wait(10000); //Adding Product Information\n//Product Image Upload \nconst fixtureFile = 'images.jpg';\ncy.xpath(\"//button[@class='MuiButtonBase-root MuiIconButton-root MuiIconButton-sizeMedium css-1yxmbwk']\").click();\ncy.wait(3000);\ncy.xpath('//input[@accept= \"application/file,.jpeg,.png,.jpg\"]').selectFile(fixtureFile, {\n  force: true\n});\ncy.wait(2000);\ncy.xpath('//body/div[2]/div[3]/div[1]/div[2]/button[2]').should('be.visible').click();\ncy.wait(5000); //General Information Section\ncy.xpath('//input[@name= \"sku\"]').type('12345');\ncy.xpath('//input[@name= \"brand\"]').type('Xi');\ncy.xpath('//textarea[@name= \"description\"]').type('This is the best smart watch equiped with latest chips and technology.');\ncy.xpath('//input[@name= \"barCode\"]').type('987654321');\ncy.xpath('//input[@name= \"productUrl\"]').type('https://google.com'); //Product Photo Section\ncy.xpath('//input[@name= \"colors\"]').type('Black');\ncy.xpath('//*[@id=\"__next\"]/div/main/div/div[2]/div/div/div[1]/div[4]/div/div[2]/button').click();\ncy.xpath('//input[@accept= \"application/file,.jpeg,.png,.jpg\"]').selectFile(fixtureFile, {\n  force: true\n});\ncy.wait(2000);\ncy.xpath('//body/div[2]/div[3]/div[1]/div[2]/button[2]').should('be.visible').click();\ncy.wait(5000); //Color Section\ncy.xpath(\"//body/div[@id='__next']/div[1]/main[1]/div[1]/div[2]/div[1]/div[1]/div[1]/div[8]/div[1]/button[1]\").click();\ncy.xpath('//input[@accept= \"application/file,.jpeg,.png,.jpg\"]').selectFile(fixtureFile, {\n  force: true\n});\ncy.wait(2000);\ncy.xpath('//body/div[2]/div[3]/div[1]/div[2]/button[2]').should('be.visible').click();\ncy.wait(5000); //Logo Logic\ncy.xpath('//input[@name= \"logo\"]').type('Panerai');\nif (cy.xpath('//span[@class=\"MuiButtonBase-root MuiSwitch-switchBase MuiSwitch-colorPrimary PrivateSwitchBase-root MuiSwitch-switchBase MuiSwitch-colorPrimary Mui-checked css-1p5ir8b\"]')) {\n  cy.xpath(\"//body/div[@id='__next']/div[1]/main[1]/div[1]/div[2]/div[1]/div[1]/div[1]/div[12]/div[1]/div[2]/button[1]\").click();\n  cy.xpath('//input[@accept= \"application/file,.jpeg,.png,.jpg\"]').selectFile(fixtureFile, {\n    force: true\n  });\n  cy.wait(2000);\n  cy.xpath('//body/div[2]/div[3]/div[1]/div[2]/button[2]').should('be.visible').click();\n  cy.wait(5000);\n} else {\n  cy.xpath(\"//span[@class='MuiButtonBase-root MuiSwitch-switchBase MuiSwitch-colorPrimary PrivateSwitchBase-root MuiSwitch-switchBase MuiSwitch-colorPrimary css-1p5ir8b']\").click();\n  cy.xpath(\"//body/div[@id='__next']/div[1]/main[1]/div[1]/div[2]/div[1]/div[1]/div[1]/div[12]/div[1]/div[2]/button[1]\").click();\n  cy.xpath('//input[@accept= \"application/file,.jpeg,.png,.jpg\"]').selectFile(fixtureFile, {\n    force: true\n  });\n  cy.wait(2000);\n  cy.xpath('//body/div[2]/div[3]/div[1]/div[2]/button[2]').should('be.visible').click();\n  cy.wait(5000);\n} //Dimensions\n\ncy.xpath('//body/div[@id=\"__next\"]/div[1]/main[1]/div[1]/div[2]/div[1]/div[1]/div[1]/div[17]/div[1]/div[1]').type('Length : 7cm and Width: 3cm');\ncy.xpath('//div[@class=\"MuiGrid-root MuiGrid-container css-1b1jvye\"]/button').click();\ncy.get('[alt=\"UploadIcon-button\"]').selectFile(fixtureFile, {\n  action: 'drag-drop'\n});\ncy.wait(3000);\ncy.get('.css-1o2z39q').click({\n  force: true\n}); //Additional Product Information\ncy.xpath('//input[@name= \"material\"]').type('Latest AI chip');\ncy.xpath('//input[@name= \"supplierPrice\"]').type('100');\ncy.xpath('//input[@name= \"sellingPrice\"]').type('100');\ncy.xpath('//input[@name= \"saleChannels\"]').type('Amazon');\ncy.xpath(\"//button[contains(text(), 'Update')]\").click(); //Clickin on Product Tile from Side Menu\ncy.xpath(\"//p[contains (text(), 'Products')]\").click(); //Searching a Product in Product Table\ncy.get('tr td:nth-child(1)').each(($e1, index, $list) => {\n  const text = $e1.text();\n  cy.log(text);\n  if (text.includes(this.data.ProductName)) {\n    cy.get('tr td:nth-child(1)').eq(index).click({\n      force: true\n    });\n  }\n});\ncy.wait(5000); //Packaging Section\ncy.xpath(\"//p[contains (text(), 'Packaging')]\").click(); //Type Dropdwon\ncy.get('#type').click(); //Logic for dropdown option should be written here \ncy.xpath('//ul/li[contains (text(), \"Bulk (no packaging)\")]').click(); //Outer Packaging \ncy.xpath(\"//body/div[@id='__next']/div[1]/main[1]/div[1]/div[2]/div[1]/div[1]/div[1]/div[6]/div[1]/div[1]\").click();\ncy.xpath(\"//body/div[@id='__next']/div[1]/main[1]/div[1]/div[2]/div[1]/div[1]/div[1]/div[5]/button[1]\").click(); //File Upload\ncy.xpath('//input[@accept= \"application/file,.jpeg,.png,.jpg\"]').selectFile(fixtureFile, {\n  force: true\n});\ncy.wait(2000);\ncy.xpath('//body/div[2]/div[3]/div[1]/div[2]/button[2]').should('be.visible').click();\ncy.wait(5000); //Inner Packaging \ncy.xpath(\"//body/div[@id='__next']/div[1]/main[1]/div[1]/div[2]/div[1]/div[1]/div[1]/div[10]/div[1]/div[1]/div[1]\").click();\ncy.xpath(\"//body/div[@id='__next']/div[1]/main[1]/div[1]/div[2]/div[1]/div[1]/div[1]/div[9]/button[1]\").click(); //File Upload\ncy.xpath('//input[@accept= \"application/file,.jpeg,.png,.jpg\"]').selectFile(fixtureFile, {\n  force: true\n});\ncy.wait(2000);\ncy.xpath('//body/div[2]/div[3]/div[1]/div[2]/button[2]').should('be.visible').click();\ncy.wait(5000); //Insert \ncy.xpath(\"//button[contains (text(), ' Add Insert ')]\").click();\ncy.xpath(\"//body/div[@id='__next']/div[1]/main[1]/div[1]/div[2]/div[1]/div[1]/div[1]/div[13]/div[2]/div[1]/div[1]/div[1]/div[1]\").type(\"Mr/Mrs Client Name\");\ncy.xpath(\"//body/div[@id='__next']/div[1]/main[1]/div[1]/div[2]/div[1]/div[1]/div[1]/div[13]/div[2]/div[2]/div[1]/div[1]/div[1]\").type(\"Greeting Message\");\ncy.xpath(\"//body/div[@id='__next']/div[1]/main[1]/div[1]/div[2]/div[1]/div[1]/div[1]/div[13]/div[2]/div[2]/div[1]/div[1]/div[1]\").type(\"Hello this is special packaging\");\ncy.xpath(\"//button[ contains (text(), 'Update')]\").click(); //Factories Section\ncy.xpath(\"//body[1]/div[1]/div[1]/main[1]/div[1]/div[1]/div[1]/div[3]/div[1]/div[1]/ul[1]/div[3]/p[1]\").click();\ncy.xpath(\"//button[contains(text(), 'Add Factory')]\").click(); //creating new factory\ncy.xpath(\"//span[contains(text(), 'Create new factory')]\").prev().click();\ncy.xpath(\"//input[@id='factoryName']\").type(\"MJ Group\");\ncy.xpath(\"//input[@id='englishAddress']\").type(\"104-East Chowing\");\ncy.xpath(\"//input[@id='chineseAddress']\").type(\"所在城市：市区-塘沽区  州/省/地区：天津  电话号码 13052853054(mobil32  国家代码 +86  国家 中国\");\ncy.xpath(\"//input[@id='contactName']\").type(\"Junaid\");\ncy.xpath(\"//input[@id='contactEmail']\").type(\"m@yopmail.com\");\ncy.xpath(\"//input[@id='contactPhoneNumber']\").type(\"+923225551955\");\ncy.xpath(\"//input[@id='contactWeChat']\").type(\"+923225551955\");\ncy.xpath('//button[contains (text(), \"Save Factory\")]').click();\ncy.wait(10000);\ncy.xpath(\"//p[contains (text(), 'Packaging')]\").click(); //Reference Documents Section\ncy.xpath(\"//p[contains (text(), 'Reference Documents')]\").click(); //Adding Doc\ncy.xpath('//button[contains (text(), \"Add Document\")]').click(); //File Upload\ncy.xpath('//input[@accept= \"image/jpeg,.jpg,.jpeg,image/png,.png,video/mp4,.mp4,application/msword,.docx,.doc,.pdf,application/vnd.ms-powerpoint,application/vnd.ms-excel\"]').selectFile(fixtureFile, {\n  force: true\n});\ncy.wait(2000);\ncy.xpath('//body/div[2]/div[3]/div[1]/div[2]/button[2]').should('be.visible').click();\ncy.wait(5000); //Visual Defects Section\ncy.xpath(\"//p[contains (text(), 'Visual Defects')]\").click(); //Adding Doc\ncy.xpath('//button[contains (text(), \"Add Visual Defect\")]').click();\ncy.get(\"#name\").type(\"Scratches\");\ncy.get(\"#description\").type(\"This should be observe carefully\"); //Drop Down\ncy.get(\"#type\").click(); //Logic\ncy.xpath(\"//ul/li[contains (text(), 'Minor')]\").click();\ncy.xpath('//button[contains (text(), \"Save Visual Defect\")]').click(); //Adding Test \ncy.xpath('//div/main/div/div[1]/div/div[3]/div/div/ul/div/p[contains(text(), \"Tests\")]').click();\ncy.xpath(\"//button[contains(text(),'Add Test')]\").click();\ncy.get('#type').click();\ncy.wait(2000);\ncy.xpath('//li [contains (text(), \"Weights and Measurement\")]').click(); // (Visual Inspection, Weights and Measurements, Barcode, Custom)\ncy.get('#name').type(\" Test 02\");\ncy.get('#instructions').type(\"This is the isntructions.\");\ncy.get('#expectedResults').type(\"This is the Expected Results.\"); //File Upload \nconst fixtureFileTestDocUpload = 'images.jpg';\ncy.get('[alt=\"UploadIcon-button\"]').selectFile(fixtureFileTestDocUpload, {\n  action: 'drag-drop'\n});\ncy.wait(2000);\ncy.xpath(\"//button [contains (text(), 'Save Test')]\").should('be.visible').click({\n  force: true\n});\ncy.wait(20000);\n/*\n//Update Test Sceanrio\n//Test Type Logic \nif (this.data.testType === 'Visual Inspection'){\ncy.xpath(\"//p[contains(text(), 'Visual Inspection')]\").click()\n}\nelse if (this.data.testType === 'Weights and Measurement'){\n\ncy.xpath(\"//p[contains(text(),'Weights and Measurement Test 02')]\").should('be.visible').next().click()\ncy.xpath('//p[contains(text(), \"Edit\")]').click()\n}\nelse if (this.data.testType === 'Barcode'){\ncy.xpath(\"//p[contains(text(), 'Barcode')]\").click()\n}\nelse {\ncy.xpath(\"//p[contains(text(), 'Custom')]\").click()\n}\ncy.get('#name').clear()\ncy.get('#name').type(this.data.testName)\ncy.get('#instructions').type(this.data.testInstructions)\ncy.get('#expectedResults').type(this.data.expectedResults)\n //Video File Upload \nconst fixtureVideoFile = 'pexels-thirdman-5538262.mp4';\ncy.get('[alt=\"UploadIcon-button\"]').selectFile(fixtureVideoFile, { action: 'drag-drop' })\ncy.wait(10000)\ncy.xpath(\"//button[contains(text(), 'Save Test')]\").click()\ncy.wait(30000)\n //Deleting a Test\nif (this.data.testType === 'Visual Inspection'){\n cy.xpath(\"//p[contains(text(), 'Visual Inspection')]\").click()\n}\nelse if (this.data.testType === 'Weights and Measurement'){\n cy.xpath('//p[contains (text(), \"Water Proof\")]').next().click()\n cy.xpath('//p[contains(text(), \"Remove\")]').click()\n cy.xpath('//button[contains(text(), \"Delete\")]').click()\n \n}\nelse if (this.data.testType === 'Barcode'){\n cy.xpath(\"//p[contains(text(), 'Barcode')]\").click()\n}\nelse {\n  cy.xpath(\"//p[contains(text(), 'Custom')]\").click()\n}\n  //Verifying the Required Test \n cy.xpath(\"//p[contains(text(),'Visual Inspection')]\").should('be.visible')\ncy.xpath(\"//span[contains(text(),'Required')]\").should('be.visible')\ncy.xpath(\"//span[contains(text(),'Visual Inspection')]\").should('be.visible')\ncy.wait(5000)\n /*\n//Calculating count of Test \nlet countOfElements = 0;\ncy.xpath('//div[@class=\"MuiGrid-root MuiGrid-item MuiGrid-grid-xs-6 css-1rjpx0t\"]').then($elements => {\n countOfElements = $elements.length;\n})\n let alpha = cy.xpath('//h6[contains(text(),\"Tests\")]').next()\ncy.log(alpha) \n  if (countOfElements === alpha)\n{\n cy.log(\"Yes, the count is equal.\")\n}\n*/\n//Book an Inspection\ncy.get(':nth-child(2) > .MuiGrid-container > .MuiGrid-root > .MuiList-root > :nth-child(2) > .MuiTypography-root').click({\n  force: true\n});\ncy.wait(10000); // cy.xpath(\"//p[contains(text(),'Inspections')]\").click()\ncy.xpath(\"//button[contains(text(),'Book New Inspection')]\").click(); //Selecting Date Range\ncy.get(':nth-child(4) > .MuiFormControl-root > .MuiInputBase-root > .MuiInputAdornment-root > .MuiButtonBase-root').click();\ncy.selectDate(this.data.Inspection_ShippingDate);\ncy.wait(500);\ncy.get(':nth-child(1) > .MuiFormControl-root > .MuiInputBase-root > .MuiInputAdornment-root > .MuiButtonBase-root').click();\ncy.selectDate(this.data.Inspection_PreStartDate);\ncy.wait(500);\ncy.get(':nth-child(3) > .MuiFormControl-root > .MuiInputBase-root > .MuiInputAdornment-root > .MuiButtonBase-root').click();\ncy.selectDate(this.data.Inspection_PreEndDate);\ncy.wait(500);\ncy.get('#comment').type('Please make sure it should be done on mentioned dates.');\ncy.xpath(\"//button[contains(text(), 'Continue')]\").click();\ncy.wait(10000);\ncy.xpath(\"//body/div[2]/div[3]/div[1]/div[1]/div[2]/div[1]/div[2]/div[2]/span[1]/input[1]\").click();\ncy.xpath('//p[contains (text(), \"Search products...\")]').click();\ncy.xpath('//ul/li').each(($e1, index, $list) => {\n  const text = $e1.text();\n  cy.log(text);\n  if (text.includes(this.data.ProductName)) {\n    cy.xpath('//ul/li[' + [index + 1] + ']/div/div[4]/div/div/button').click({\n      force: true\n    });\n  }\n});\ncy.get('#unit').type('10');\ncy.xpath(\"//button[contains(text(), 'Continue')]\").click();\ncy.xpath('//button[contains(text(), \"Submit Inspection\")]').click({\n  multiple: true\n});\ncy.wait(1000); //Searching a Inspection in Inspection Table\ncy.get('tr td:nth-child(1) p').each(($e1, index, $list) => {\n  const text = $e1.text();\n  if (text > inspectNum) {\n    inspectNum = text;\n  }\n  cy.log(text);\n});\ncy.log('Inspection Booking Nu is:' + inspectNum);\n/*\ncy.wait(10000)\ncy.xpath('//ul/div[2]/div/p[contains(text(), \"Products\")]').click()\n  //Selecting First Option in the List (Need to apply Each Logic if products are more than 1)\ncy.get('#products-option-0').click()\ncy.xpath(\"//input[@value= 'New Inspection']\").click()\ncy.get('.css-skuxnc > :nth-child(1) > .MuiFormControl-root > .MuiInputBase-root > .MuiInputAdornment-root > .MuiButtonBase-root > [data-testid=\"CalendarIcon\"]').click()\ncy.selectDate(this.data.Inspection_ShippingDate)\ncy.wait(500)\n  //Toogle button Logic \n//cy.xpath(\"//span [@class = 'MuiButtonBase-root MuiSwitch-switchBase MuiSwitch-colorPrimary Mui-checked PrivateSwitchBase-root MuiSwitch-switchBase MuiSwitch-colorPrimary Mui-checked Mui-checked css-1p5ir8b']\").click()\ncy.xpath(\"//input[@class = 'PrivateSwitchBase-input MuiSwitch-input css-1m9pwf3']\").click()\n\n*/",
              "err": {},
              "uuid": "4b959c72-37e1-43ea-a8dd-3c1d70c9da95",
              "parentUUID": "37fc5ee8-0fd3-4803-99b8-fab9b7e0fd29",
              "isHook": false,
              "skipped": false
            },
            {
              "title": "Customer User LogOut",
              "fullTitle": "Movley End to End Happy Sceanrio (Sever Name) Customer User LogOut",
              "timedOut": null,
              "duration": 10361,
              "state": "passed",
              "speed": "slow",
              "pass": true,
              "fail": false,
              "pending": false,
              "context": null,
              "code": "const logOutPage = new _LogOutPage.default();\ncy.wait(10000);\ncy.get('.MuiAvatar-root').click({\n  force: true\n});\ncy.xpath(\"//p[contains(text(),'LOGOUT')]\").click();",
              "err": {},
              "uuid": "1fee98db-e701-4a47-b115-632995878ff8",
              "parentUUID": "37fc5ee8-0fd3-4803-99b8-fab9b7e0fd29",
              "isHook": false,
              "skipped": false
            },
            {
              "title": "MovleyUser_Login",
              "fullTitle": "Movley End to End Happy Sceanrio (Sever Name) MovleyUser_Login",
              "timedOut": null,
              "duration": 4470,
              "state": "passed",
              "speed": "fast",
              "pass": true,
              "fail": false,
              "pending": false,
              "context": null,
              "code": "cy.visit(Cypress.env('url_MovleyAdmin'));\nconst loginPage = new _LoginPage.default();\nloginPage.getEmailField().type(this.data.MovleyUser_email);\nloginPage.getPassField().type(this.data.MovleyUserpass);\nloginPage.getLoginButton().click();\ncy.wait(3000);",
              "err": {},
              "uuid": "59897ff3-1d66-432c-ae82-eb3bef75392e",
              "parentUUID": "37fc5ee8-0fd3-4803-99b8-fab9b7e0fd29",
              "isHook": false,
              "skipped": false
            },
            {
              "title": "As a Movley User, Updating the Product and Inspection",
              "fullTitle": "Movley End to End Happy Sceanrio (Sever Name) As a Movley User, Updating the Product and Inspection",
              "timedOut": null,
              "duration": 0,
              "state": "pending",
              "speed": null,
              "pass": false,
              "fail": false,
              "pending": false,
              "context": null,
              "code": "cy.visit(Cypress.env('url_MovleyAdmin'));\nconst loginPage = new _LoginPage.default();\nloginPage.getEmailField().type(this.data.MovleyUser_email);\nloginPage.getPassField().type(this.data.MovleyUserpass);\nloginPage.getLoginButton().click();\ncy.wait(3000);\ncy.xpath(\"//p[contains (text(), 'Inspections')]\").click();\ncy.wait(5000);\nlet getText = 0;\nlet shouldBreak = false;\ncy.log(inspectNum);\ncy.get('ul li').each(($e1, index1, $list) => {\n  //Searching an Inspection in Inspection List\n  cy.get('tr td:nth-child(1)').each(($e1, index, $list) => {\n    const text = $e1.text();\n    cy.log(text); //inspectNum\n    if (text === '116') {\n      cy.get('tr td:nth-child(1)').eq(index).click({\n        force: true\n      }); //Updating the Inspection Status\n      cy.get('#inspectionStatus').click({\n        force: true\n      });\n      cy.xpath(\"//ul/li[5]\").click({\n        force: true\n      });\n      cy.get(\"#inspectionStatus\").then($value => {\n        getText = $value.text();\n        if (getText === \"Pass\") {\n          cy.log(getText);\n        } //Updating Inspection Date\n\n        cy.get(':nth-child(5) > .MuiFormControl-root > .MuiInputBase-root > .MuiInputAdornment-root > .MuiButtonBase-root').click();\n        cy.selectDate(this.data.Inspection_Date);\n        cy.wait(500);\n        cy.xpath(\"//button[contains (text(), 'Update')]\").click();\n        cy.wait(5000);\n        shouldBreak = true;\n        cy.wait(500);\n        return;\n      });\n    }\n    /* else if( index == Cypress.$($list).length )\n     {\n       \n     }*/\n  });\n  cy.wait(2000);\n  if (shouldBreak) {\n    return;\n  }\n  cy.get('ul li:nth-child(' + [++index1] + ')').click();\n  cy.wait(15000);\n});\ncy.wait(10000);\ncy.xpath(\"//p[contains(text(),'Products')]\").click({\n  force: true\n});\ncy.wait(8000); //Searching a Product in Product Table\ncy.get('tr td:nth-child(1)').each(($e1, index, $list) => {\n  const text = $e1.text();\n  cy.log(text);\n  if (text.includes(this.data.ProductName)) {\n    cy.get('tr td:nth-child(3) div button').eq(index).click({\n      force: true\n    });\n  }\n}); //Updating the link against the product\ncy.xpath(\"//p[contains(text(),'Manage SharePoint Link')]\").click();\ncy.get('#sharepoint').type(this.data.ProductSharePointURL);\ncy.xpath(\"//button[contains(text(),'Update')]\").click(); //Verifying the link is pasted against the product\ncy.get('tr td:nth-child(2)').each(($e1, index, $list) => {\n  const text = $e1.text();\n  cy.log(text);\n  if (text.includes(this.data.ProductSharePointURL)) {\n    if (cy.get('tr td:nth-child(1)').eq(index).should('have.text', this.data.ProductName)) {\n      cy.log(\"The Link is addedd successfully.\");\n    }\n  }\n});\ncy.xpath(\"//p[contains(text(),'Inspections')]\").click();\ncy.wait(5000); //Searching Inspection in Inspection Table\ncy.get('tr td:nth-child(2)').each(($e1, index, $list) => {\n  const text = $e1.text();\n  cy.log(text);\n  if (text.includes(this.data.companyName)) {\n    inspectionNumberHelping = cy.get('tr td:nth-child(1)').eq(index).text;\n    cy.log(\"Hello Faraz Bhi\");\n    cy.log(inspectionNumberHelping);\n    cy.get('tr td:nth-child(1)').eq(index).click();\n  }\n}); //Updating Inspection Status\ncy.get(\"#inspectionStatus\").click();\ncy.xpath(\"//li[contains(text(),'\" + this.data.InspectionStatus + \"')]\").click(); //Updating Result Docs \ncy.get('#reportUrl').type(this.data.ResultDocURL);\ncy.xpath(\"//button[contains(text(), 'Update')]\").click(); //Verifying the Product Listing have URL in Inspection Section\ncy.xpath(\"//p[contains(text(), 'Products')]\").click(); //Verifying the link is pasted against the product\ncy.get('tr td:nth-child(2) ').each(($e1, index, $list) => {\n  const text = $e1.text();\n  cy.log(text);\n  if (text.includes(this.data.ProductSharePointURL)) {\n    if (cy.get('tr td:nth-child(1)').eq(index).should('have.text', this.data.ProductName)) {\n      cy.log(\"The Link is addedd successfully it is verified in Inspection Section as well.\");\n    }\n  }\n});",
              "err": {},
              "uuid": "d3390373-05b9-4c4a-a7ee-8166757fce36",
              "parentUUID": "37fc5ee8-0fd3-4803-99b8-fab9b7e0fd29",
              "isHook": false,
              "skipped": true
            },
            {
              "title": "Movley User LogOut",
              "fullTitle": "Movley End to End Happy Sceanrio (Sever Name) Movley User LogOut",
              "timedOut": null,
              "duration": 0,
              "state": "pending",
              "speed": null,
              "pass": false,
              "fail": false,
              "pending": false,
              "context": null,
              "code": "const logOutPage = new _LogOutPage.default();\ncy.wait(10000);\ncy.get('.MuiAvatar-root').click({\n  force: true\n});\ncy.xpath(\"//p[contains(text(),'LOGOUT')]\").click();",
              "err": {},
              "uuid": "e5ca62fd-bbfa-443a-9cf8-2223f299a6b9",
              "parentUUID": "37fc5ee8-0fd3-4803-99b8-fab9b7e0fd29",
              "isHook": false,
              "skipped": true
            },
            {
              "title": "CustomerUser: Status Email Verification, Login and Status Verfication in Inspection Section and Apply CRUD Operation ",
              "fullTitle": "Movley End to End Happy Sceanrio (Sever Name) CustomerUser: Status Email Verification, Login and Status Verfication in Inspection Section and Apply CRUD Operation ",
              "timedOut": null,
              "duration": 0,
              "state": "pending",
              "speed": null,
              "pass": false,
              "fail": false,
              "pending": false,
              "context": null,
              "code": "cy.visit(Cypress.env('url_Yopmail'));\ncy.get('#login').type(this.data.emailAddress);\ncy.xpath(\"//i[@class= 'material-icons-outlined f36']\").click();\ncy.wait(10000);\ncy.get('#ifinbox').then($iframe => {\n  const iframe = $iframe.contents();\n  const myInput = iframe.find(\"body.bodyinbox.yscrollbar:nth-child(2) div.mctn div.m:nth-child(2) button.lm div.lmfd > span.lmf\");\n  cy.wrap(myInput).click();\n});\ncy.get('#ifmail').then($iframe => {\n  const iframe1 = $iframe.contents();\n  const myInput1 = iframe1.find('#mail > div > center > div > table > tbody > tr > td > table > tbody > tr > td > table > tbody > tr > td > table > tbody > tr > td > table:nth-child(6) > tbody > tr > td > table > tbody > tr > td > a');\n  cy.wrap(myInput1).should('have.attr', 'href').then(href => {\n    cy.forceVisit(href);\n  });\n});\ncy.wait(2000); //Login \nconst loginPage = new _LoginPage.default();\nloginPage.getEmailField().type(this.data.emailAddress);\nloginPage.getPassField().type(this.data.CustomerUser_pass);\nloginPage.getLoginButton().click();\ncy.wait(3000);\ncy.xpath(\"//p[contains(text(),'Inspections')]\").click();\ncy.wait(5000); //Searching Inspection in Inspection Table\ncy.get('tr td:nth-child(1)').each(($e1, index, $list) => {\n  const text = $e1.text();\n  cy.log(text);\n  if (text.includes(inspectionNumberHelping)) {\n    cy.get('tr td:nth-child(3)').eq(index).should('have.text', this.data.InspectionStatus);\n    cy.log(\"Inspection Status is verified by Customer User.\");\n  }\n});",
              "err": {},
              "uuid": "da9c6773-ee68-4f8c-84f9-bd8122b97e26",
              "parentUUID": "37fc5ee8-0fd3-4803-99b8-fab9b7e0fd29",
              "isHook": false,
              "skipped": true
            },
            {
              "title": "Customer User LogOut",
              "fullTitle": "Movley End to End Happy Sceanrio (Sever Name) Customer User LogOut",
              "timedOut": null,
              "duration": 0,
              "state": "pending",
              "speed": null,
              "pass": false,
              "fail": false,
              "pending": false,
              "context": null,
              "code": "const logOutPage = new _LogOutPage.default();\ncy.wait(10000);\ncy.get('.MuiAvatar-root').click({\n  force: true\n});\ncy.xpath(\"//p[contains(text(),'LOGOUT')]\").click();",
              "err": {},
              "uuid": "354689b3-2250-4ad7-9547-d2a2066a3968",
              "parentUUID": "37fc5ee8-0fd3-4803-99b8-fab9b7e0fd29",
              "isHook": false,
              "skipped": true
            },
            {
              "title": "CustomerUser:  Adding Test",
              "fullTitle": "Movley End to End Happy Sceanrio (Sever Name) CustomerUser:  Adding Test",
              "timedOut": null,
              "duration": 0,
              "state": "pending",
              "speed": null,
              "pass": false,
              "fail": false,
              "pending": false,
              "context": null,
              "code": "cy.visit(Cypress.env('url_MovleyAdmin')); //Login \nconst loginPage = new _LoginPage.default();\nloginPage.getEmailField().type('mj@yopmail.com');\nloginPage.getPassField().type('root1234');\nloginPage.getLoginButton().click();\ncy.wait(3000); //Searching a Product in Product Table\ncy.get('tr td:nth-child(1)').each(($e1, index, $list) => {\n  const text = $e1.text();\n  cy.log(text);\n  if (text.includes('Dragon Fruit')) {\n    cy.get('tr td:nth-child(1)').eq(index).click({\n      force: true\n    });\n  }\n}); //Calculating count of Test \ncy.xpath('//div[@class=\"MuiGrid-root MuiGrid-item MuiGrid-grid-xs-6 css-1rjpx0t\"]').then($elements => {\n  const countOfElements = $elements.length;\n  cy.log('Count of Test is:' + countOfElements);\n  cy.xpath('//div[@class=\"MuiGrid-root MuiGrid-container css-1hhpvzq\"]/div/div').then($elements => {\n    const testcount = $elements.text();\n    cy.log('Count of Actual Test is:' + testcount);\n    if (countOfElements == testcount) {\n      cy.log(\"Yes, the count is equal.\");\n    }\n  });\n});\nconst logOutPage = new _LogOutPage.default();\ncy.wait(10000);\ncy.get('.MuiToolbar-root > .MuiGrid-container > .MuiGrid-root > .MuiAvatar-root').click({\n  force: true\n});\ncy.xpath(\"//p[contains(text(),'LOGOUT')]\").click();",
              "err": {},
              "uuid": "9851a972-8ab8-474a-9ee2-a218d78df6e3",
              "parentUUID": "37fc5ee8-0fd3-4803-99b8-fab9b7e0fd29",
              "isHook": false,
              "skipped": true
            }
          ],
          "suites": [],
          "passes": [
            "46d23238-85f6-4222-bf48-886da9779122",
            "a90a33ed-2a84-4397-8d32-8a80a727ae9b",
            "c2a5dec6-ad83-45c8-a363-31d9eb3f9d17",
            "463e36d3-6486-4623-af3b-b2b31dd1d51d",
            "4b959c72-37e1-43ea-a8dd-3c1d70c9da95",
            "1fee98db-e701-4a47-b115-632995878ff8",
            "59897ff3-1d66-432c-ae82-eb3bef75392e"
          ],
          "failures": [],
          "pending": [],
          "skipped": [
            "d3390373-05b9-4c4a-a7ee-8166757fce36",
            "e5ca62fd-bbfa-443a-9cf8-2223f299a6b9",
            "da9c6773-ee68-4f8c-84f9-bd8122b97e26",
            "354689b3-2250-4ad7-9547-d2a2066a3968",
            "9851a972-8ab8-474a-9ee2-a218d78df6e3"
          ],
          "duration": 265856,
          "root": false,
          "rootEmpty": false,
          "_timeout": 2000
        }
      ],
      "passes": [],
      "failures": [],
      "pending": [],
      "skipped": [],
      "duration": 0,
      "root": true,
      "rootEmpty": true,
      "_timeout": 2000
    }
  ],
  "meta": {
    "mocha": {
      "version": "7.0.1"
    },
    "mochawesome": {
      "options": {
        "quiet": false,
        "reportFilename": "mochawesome",
        "saveHtml": true,
        "saveJson": true,
        "consoleReporter": "spec",
        "useInlineDiffs": false,
        "code": true
      },
      "version": "7.1.3"
    },
    "marge": {
      "options": null,
      "version": "6.2.0"
    }
  }
}